{"/Users/y4h2/projects/larp-admin/frontend/src/api/client.ts": {"path":"/Users/y4h2/projects/larp-admin/frontend/src/api/client.ts","statementMap":{"0":{"start":{"line":4,"column":21},"end":{"line":4,"column":null}},"1":{"start":{"line":6,"column":30},"end":{"line":12,"column":null}},"2":{"start":{"line":15,"column":0},"end":{"line":27,"column":null}},"3":{"start":{"line":18,"column":18},"end":{"line":18,"column":null}},"4":{"start":{"line":19,"column":4},"end":{"line":21,"column":null}},"5":{"start":{"line":20,"column":6},"end":{"line":20,"column":null}},"6":{"start":{"line":22,"column":4},"end":{"line":22,"column":null}},"7":{"start":{"line":25,"column":4},"end":{"line":25,"column":null}},"8":{"start":{"line":30,"column":0},"end":{"line":53,"column":null}},"9":{"start":{"line":32,"column":4},"end":{"line":32,"column":null}},"10":{"start":{"line":35,"column":4},"end":{"line":49,"column":null}},"11":{"start":{"line":36,"column":31},"end":{"line":36,"column":null}},"12":{"start":{"line":38,"column":6},"end":{"line":46,"column":null}},"13":{"start":{"line":40,"column":8},"end":{"line":40,"column":null}},"14":{"start":{"line":41,"column":8},"end":{"line":41,"column":null}},"15":{"start":{"line":42,"column":6},"end":{"line":46,"column":null}},"16":{"start":{"line":43,"column":8},"end":{"line":43,"column":null}},"17":{"start":{"line":44,"column":6},"end":{"line":46,"column":null}},"18":{"start":{"line":45,"column":8},"end":{"line":45,"column":null}},"19":{"start":{"line":47,"column":4},"end":{"line":49,"column":null}},"20":{"start":{"line":48,"column":6},"end":{"line":48,"column":null}},"21":{"start":{"line":51,"column":4},"end":{"line":51,"column":null}}},"fnMap":{"0":{"name":"(anonymous_0)","decl":{"start":{"line":16,"column":2},"end":{"line":16,"column":3}},"loc":{"start":{"line":16,"column":42},"end":{"line":23,"column":null}},"line":16},"1":{"name":"(anonymous_1)","decl":{"start":{"line":24,"column":2},"end":{"line":24,"column":3}},"loc":{"start":{"line":24,"column":25},"end":{"line":26,"column":null}},"line":24},"2":{"name":"(anonymous_2)","decl":{"start":{"line":31,"column":2},"end":{"line":31,"column":3}},"loc":{"start":{"line":31,"column":16},"end":{"line":33,"column":null}},"line":31},"3":{"name":"(anonymous_3)","decl":{"start":{"line":34,"column":2},"end":{"line":34,"column":3}},"loc":{"start":{"line":34,"column":47},"end":{"line":52,"column":null}},"line":34}},"branchMap":{"0":{"loc":{"start":{"line":19,"column":4},"end":{"line":21,"column":null}},"type":"if","locations":[{"start":{"line":19,"column":4},"end":{"line":21,"column":null}},{"start":{},"end":{}}],"line":19},"1":{"loc":{"start":{"line":35,"column":4},"end":{"line":49,"column":null}},"type":"if","locations":[{"start":{"line":35,"column":4},"end":{"line":49,"column":null}},{"start":{"line":47,"column":4},"end":{"line":49,"column":null}}],"line":35},"2":{"loc":{"start":{"line":38,"column":6},"end":{"line":46,"column":null}},"type":"if","locations":[{"start":{"line":38,"column":6},"end":{"line":46,"column":null}},{"start":{"line":42,"column":6},"end":{"line":46,"column":null}}],"line":38},"3":{"loc":{"start":{"line":42,"column":6},"end":{"line":46,"column":null}},"type":"if","locations":[{"start":{"line":42,"column":6},"end":{"line":46,"column":null}},{"start":{"line":44,"column":6},"end":{"line":46,"column":null}}],"line":42},"4":{"loc":{"start":{"line":44,"column":6},"end":{"line":46,"column":null}},"type":"if","locations":[{"start":{"line":44,"column":6},"end":{"line":46,"column":null}},{"start":{},"end":{}}],"line":44},"5":{"loc":{"start":{"line":45,"column":39},"end":{"line":45,"column":71}},"type":"binary-expr","locations":[{"start":{"line":45,"column":39},"end":{"line":45,"column":56}},{"start":{"line":45,"column":56},"end":{"line":45,"column":71}}],"line":45},"6":{"loc":{"start":{"line":47,"column":4},"end":{"line":49,"column":null}},"type":"if","locations":[{"start":{"line":47,"column":4},"end":{"line":49,"column":null}},{"start":{},"end":{}}],"line":47}},"s":{"0":9,"1":9,"2":9,"3":2,"4":2,"5":1,"6":2,"7":1,"8":9,"9":1,"10":4,"11":3,"12":3,"13":1,"14":1,"15":2,"16":1,"17":1,"18":1,"19":1,"20":1,"21":4},"f":{"0":2,"1":1,"2":1,"3":4},"b":{"0":[1,1],"1":[3,1],"2":[1,2],"3":[1,1],"4":[1,0],"5":[1,0],"6":[1,0]},"meta":{"lastBranch":7,"lastFunction":4,"lastStatement":22,"seen":{"s:4:21:4:Infinity":0,"s:6:30:12:Infinity":1,"s:15:0:27:Infinity":2,"f:16:2:16:3":0,"s:18:18:18:Infinity":3,"b:19:4:21:Infinity:undefined:undefined:undefined:undefined":0,"s:19:4:21:Infinity":4,"s:20:6:20:Infinity":5,"s:22:4:22:Infinity":6,"f:24:2:24:3":1,"s:25:4:25:Infinity":7,"s:30:0:53:Infinity":8,"f:31:2:31:3":2,"s:32:4:32:Infinity":9,"f:34:2:34:3":3,"b:35:4:49:Infinity:47:4:49:Infinity":1,"s:35:4:49:Infinity":10,"s:36:31:36:Infinity":11,"b:38:6:46:Infinity:42:6:46:Infinity":2,"s:38:6:46:Infinity":12,"s:40:8:40:Infinity":13,"s:41:8:41:Infinity":14,"b:42:6:46:Infinity:44:6:46:Infinity":3,"s:42:6:46:Infinity":15,"s:43:8:43:Infinity":16,"b:44:6:46:Infinity:undefined:undefined:undefined:undefined":4,"s:44:6:46:Infinity":17,"s:45:8:45:Infinity":18,"b:45:39:45:56:45:56:45:71":5,"b:47:4:49:Infinity:undefined:undefined:undefined:undefined":6,"s:47:4:49:Infinity":19,"s:48:6:48:Infinity":20,"s:51:4:51:Infinity":21}}}
,"/Users/y4h2/projects/larp-admin/frontend/src/hooks/useScripts.ts": {"path":"/Users/y4h2/projects/larp-admin/frontend/src/hooks/useScripts.ts","statementMap":{"0":{"start":{"line":7,"column":28},"end":{"line":7,"column":null}},"1":{"start":{"line":8,"column":28},"end":{"line":8,"column":null}},"2":{"start":{"line":9,"column":24},"end":{"line":9,"column":null}},"3":{"start":{"line":11,"column":8},"end":{"line":24,"column":null}},"4":{"start":{"line":12,"column":4},"end":{"line":12,"column":null}},"5":{"start":{"line":13,"column":4},"end":{"line":23,"column":null}},"6":{"start":{"line":14,"column":23},"end":{"line":14,"column":null}},"7":{"start":{"line":15,"column":6},"end":{"line":15,"column":null}},"8":{"start":{"line":16,"column":6},"end":{"line":16,"column":null}},"9":{"start":{"line":17,"column":6},"end":{"line":17,"column":null}},"10":{"start":{"line":19,"column":6},"end":{"line":19,"column":null}},"11":{"start":{"line":20,"column":6},"end":{"line":20,"column":null}},"12":{"start":{"line":22,"column":6},"end":{"line":22,"column":null}},"13":{"start":{"line":26,"column":8},"end":{"line":35,"column":null}},"14":{"start":{"line":27,"column":4},"end":{"line":34,"column":null}},"15":{"start":{"line":28,"column":21},"end":{"line":28,"column":null}},"16":{"start":{"line":29,"column":6},"end":{"line":29,"column":null}},"17":{"start":{"line":30,"column":6},"end":{"line":30,"column":null}},"18":{"start":{"line":32,"column":6},"end":{"line":32,"column":null}},"19":{"start":{"line":33,"column":6},"end":{"line":33,"column":null}},"20":{"start":{"line":37,"column":8},"end":{"line":46,"column":null}},"21":{"start":{"line":38,"column":4},"end":{"line":45,"column":null}},"22":{"start":{"line":39,"column":21},"end":{"line":39,"column":null}},"23":{"start":{"line":40,"column":6},"end":{"line":40,"column":null}},"24":{"start":{"line":41,"column":6},"end":{"line":41,"column":null}},"25":{"start":{"line":43,"column":6},"end":{"line":43,"column":null}},"26":{"start":{"line":44,"column":6},"end":{"line":44,"column":null}},"27":{"start":{"line":48,"column":8},"end":{"line":56,"column":null}},"28":{"start":{"line":49,"column":4},"end":{"line":55,"column":null}},"29":{"start":{"line":50,"column":6},"end":{"line":50,"column":null}},"30":{"start":{"line":51,"column":6},"end":{"line":51,"column":null}},"31":{"start":{"line":53,"column":6},"end":{"line":53,"column":null}},"32":{"start":{"line":54,"column":6},"end":{"line":54,"column":null}},"33":{"start":{"line":58,"column":8},"end":{"line":67,"column":null}},"34":{"start":{"line":59,"column":4},"end":{"line":66,"column":null}},"35":{"start":{"line":60,"column":21},"end":{"line":60,"column":null}},"36":{"start":{"line":61,"column":6},"end":{"line":61,"column":null}},"37":{"start":{"line":62,"column":6},"end":{"line":62,"column":null}},"38":{"start":{"line":64,"column":6},"end":{"line":64,"column":null}},"39":{"start":{"line":65,"column":6},"end":{"line":65,"column":null}},"40":{"start":{"line":69,"column":2},"end":{"line":78,"column":null}}},"fnMap":{"0":{"name":"useScripts","decl":{"start":{"line":6,"column":16},"end":{"line":6,"column":29}},"loc":{"start":{"line":6,"column":29},"end":{"line":79,"column":null}},"line":6},"1":{"name":"(anonymous_1)","decl":{"start":{"line":11,"column":35},"end":{"line":11,"column":42}},"loc":{"start":{"line":11,"column":77},"end":{"line":24,"column":5}},"line":11},"2":{"name":"(anonymous_2)","decl":{"start":{"line":26,"column":35},"end":{"line":26,"column":42}},"loc":{"start":{"line":26,"column":68},"end":{"line":35,"column":5}},"line":26},"3":{"name":"(anonymous_3)","decl":{"start":{"line":37,"column":35},"end":{"line":37,"column":42}},"loc":{"start":{"line":37,"column":80},"end":{"line":46,"column":5}},"line":37},"4":{"name":"(anonymous_4)","decl":{"start":{"line":48,"column":35},"end":{"line":48,"column":42}},"loc":{"start":{"line":48,"column":57},"end":{"line":56,"column":5}},"line":48},"5":{"name":"(anonymous_5)","decl":{"start":{"line":58,"column":33},"end":{"line":58,"column":40}},"loc":{"start":{"line":58,"column":55},"end":{"line":67,"column":5}},"line":58}},"branchMap":{"0":{"loc":{"start":{"line":11,"column":42},"end":{"line":11,"column":77}},"type":"default-arg","locations":[{"start":{"line":11,"column":70},"end":{"line":11,"column":77}}],"line":11}},"s":{"0":17,"1":17,"2":17,"3":17,"4":4,"5":4,"6":4,"7":3,"8":3,"9":3,"10":1,"11":1,"12":4,"13":17,"14":2,"15":2,"16":1,"17":1,"18":1,"19":1,"20":17,"21":2,"22":2,"23":1,"24":1,"25":1,"26":1,"27":17,"28":2,"29":2,"30":1,"31":1,"32":1,"33":17,"34":2,"35":2,"36":1,"37":1,"38":1,"39":1,"40":17},"f":{"0":17,"1":4,"2":2,"3":2,"4":2,"5":2},"b":{"0":[4]},"meta":{"lastBranch":1,"lastFunction":6,"lastStatement":41,"seen":{"f:6:16:6:29":0,"s:7:28:7:Infinity":0,"s:8:28:8:Infinity":1,"s:9:24:9:Infinity":2,"s:11:8:24:Infinity":3,"f:11:35:11:42":1,"b:11:70:11:77":0,"s:12:4:12:Infinity":4,"s:13:4:23:Infinity":5,"s:14:23:14:Infinity":6,"s:15:6:15:Infinity":7,"s:16:6:16:Infinity":8,"s:17:6:17:Infinity":9,"s:19:6:19:Infinity":10,"s:20:6:20:Infinity":11,"s:22:6:22:Infinity":12,"s:26:8:35:Infinity":13,"f:26:35:26:42":2,"s:27:4:34:Infinity":14,"s:28:21:28:Infinity":15,"s:29:6:29:Infinity":16,"s:30:6:30:Infinity":17,"s:32:6:32:Infinity":18,"s:33:6:33:Infinity":19,"s:37:8:46:Infinity":20,"f:37:35:37:42":3,"s:38:4:45:Infinity":21,"s:39:21:39:Infinity":22,"s:40:6:40:Infinity":23,"s:41:6:41:Infinity":24,"s:43:6:43:Infinity":25,"s:44:6:44:Infinity":26,"s:48:8:56:Infinity":27,"f:48:35:48:42":4,"s:49:4:55:Infinity":28,"s:50:6:50:Infinity":29,"s:51:6:51:Infinity":30,"s:53:6:53:Infinity":31,"s:54:6:54:Infinity":32,"s:58:8:67:Infinity":33,"f:58:33:58:40":5,"s:59:4:66:Infinity":34,"s:60:21:60:Infinity":35,"s:61:6:61:Infinity":36,"s:62:6:62:Infinity":37,"s:64:6:64:Infinity":38,"s:65:6:65:Infinity":39,"s:69:2:78:Infinity":40}}}
,"/Users/y4h2/projects/larp-admin/frontend/src/store/index.ts": {"path":"/Users/y4h2/projects/larp-admin/frontend/src/store/index.ts","statementMap":{"0":{"start":{"line":39,"column":13},"end":{"line":71,"column":null}},"1":{"start":{"line":39,"column":61},"end":{"line":71,"column":2}},"2":{"start":{"line":55,"column":30},"end":{"line":55,"column":null}},"3":{"start":{"line":56,"column":27},"end":{"line":56,"column":null}},"4":{"start":{"line":58,"column":27},"end":{"line":58,"column":null}},"5":{"start":{"line":59,"column":21},"end":{"line":59,"column":null}},"6":{"start":{"line":60,"column":23},"end":{"line":60,"column":null}},"7":{"start":{"line":63,"column":4},"end":{"line":65,"column":null}},"8":{"start":{"line":63,"column":20},"end":{"line":65,"column":6}},"9":{"start":{"line":68,"column":25},"end":{"line":68,"column":null}},"10":{"start":{"line":68,"column":51},"end":{"line":68,"column":62}},"11":{"start":{"line":69,"column":22},"end":{"line":69,"column":null}},"12":{"start":{"line":69,"column":45},"end":{"line":69,"column":56}},"13":{"start":{"line":70,"column":23},"end":{"line":70,"column":null}},"14":{"start":{"line":70,"column":47},"end":{"line":70,"column":58}},"15":{"start":{"line":84,"column":13},"end":{"line":99,"column":null}},"16":{"start":{"line":86,"column":14},"end":{"line":94,"column":null}},"17":{"start":{"line":90,"column":42},"end":{"line":90,"column":null}},"18":{"start":{"line":91,"column":27},"end":{"line":91,"column":null}},"19":{"start":{"line":91,"column":43},"end":{"line":91,"column":89}},"20":{"start":{"line":92,"column":27},"end":{"line":92,"column":null}},"21":{"start":{"line":93,"column":33},"end":{"line":93,"column":null}}},"fnMap":{"0":{"name":"(anonymous_0)","decl":{"start":{"line":39,"column":46},"end":{"line":39,"column":47}},"loc":{"start":{"line":39,"column":61},"end":{"line":71,"column":2}},"line":39},"1":{"name":"(anonymous_1)","decl":{"start":{"line":55,"column":22},"end":{"line":55,"column":23}},"loc":{"start":{"line":55,"column":30},"end":{"line":55,"column":null}},"line":55},"2":{"name":"(anonymous_2)","decl":{"start":{"line":56,"column":19},"end":{"line":56,"column":20}},"loc":{"start":{"line":56,"column":27},"end":{"line":56,"column":null}},"line":56},"3":{"name":"(anonymous_3)","decl":{"start":{"line":58,"column":14},"end":{"line":58,"column":15}},"loc":{"start":{"line":58,"column":27},"end":{"line":58,"column":null}},"line":58},"4":{"name":"(anonymous_4)","decl":{"start":{"line":59,"column":11},"end":{"line":59,"column":12}},"loc":{"start":{"line":59,"column":21},"end":{"line":59,"column":null}},"line":59},"5":{"name":"(anonymous_5)","decl":{"start":{"line":60,"column":12},"end":{"line":60,"column":13}},"loc":{"start":{"line":60,"column":23},"end":{"line":60,"column":null}},"line":60},"6":{"name":"(anonymous_6)","decl":{"start":{"line":62,"column":14},"end":{"line":62,"column":15}},"loc":{"start":{"line":63,"column":4},"end":{"line":65,"column":null}},"line":63},"7":{"name":"(anonymous_7)","decl":{"start":{"line":63,"column":8},"end":{"line":63,"column":9}},"loc":{"start":{"line":63,"column":20},"end":{"line":65,"column":6}},"line":63},"8":{"name":"(anonymous_8)","decl":{"start":{"line":68,"column":17},"end":{"line":68,"column":18}},"loc":{"start":{"line":68,"column":25},"end":{"line":68,"column":null}},"line":68},"9":{"name":"(anonymous_9)","decl":{"start":{"line":68,"column":44},"end":{"line":68,"column":45}},"loc":{"start":{"line":68,"column":51},"end":{"line":68,"column":62}},"line":68},"10":{"name":"(anonymous_10)","decl":{"start":{"line":69,"column":14},"end":{"line":69,"column":15}},"loc":{"start":{"line":69,"column":22},"end":{"line":69,"column":null}},"line":69},"11":{"name":"(anonymous_11)","decl":{"start":{"line":69,"column":38},"end":{"line":69,"column":39}},"loc":{"start":{"line":69,"column":45},"end":{"line":69,"column":56}},"line":69},"12":{"name":"(anonymous_12)","decl":{"start":{"line":70,"column":15},"end":{"line":70,"column":16}},"loc":{"start":{"line":70,"column":23},"end":{"line":70,"column":null}},"line":70},"13":{"name":"(anonymous_13)","decl":{"start":{"line":70,"column":40},"end":{"line":70,"column":41}},"loc":{"start":{"line":70,"column":47},"end":{"line":70,"column":58}},"line":70},"14":{"name":"(anonymous_14)","decl":{"start":{"line":86,"column":4},"end":{"line":86,"column":5}},"loc":{"start":{"line":86,"column":14},"end":{"line":94,"column":null}},"line":86},"15":{"name":"(anonymous_15)","decl":{"start":{"line":90,"column":27},"end":{"line":90,"column":28}},"loc":{"start":{"line":90,"column":42},"end":{"line":90,"column":null}},"line":90},"16":{"name":"(anonymous_16)","decl":{"start":{"line":91,"column":21},"end":{"line":91,"column":27}},"loc":{"start":{"line":91,"column":27},"end":{"line":91,"column":null}},"line":91},"17":{"name":"(anonymous_17)","decl":{"start":{"line":91,"column":31},"end":{"line":91,"column":32}},"loc":{"start":{"line":91,"column":43},"end":{"line":91,"column":89}},"line":91},"18":{"name":"(anonymous_18)","decl":{"start":{"line":92,"column":16},"end":{"line":92,"column":17}},"loc":{"start":{"line":92,"column":27},"end":{"line":92,"column":null}},"line":92},"19":{"name":"(anonymous_19)","decl":{"start":{"line":93,"column":19},"end":{"line":93,"column":20}},"loc":{"start":{"line":93,"column":33},"end":{"line":93,"column":null}},"line":93}},"branchMap":{},"s":{"0":1,"1":1,"2":3,"3":1,"4":1,"5":1,"6":1,"7":7,"8":7,"9":2,"10":2,"11":2,"12":2,"13":2,"14":2,"15":1,"16":1,"17":2,"18":2,"19":2,"20":2,"21":2},"f":{"0":1,"1":3,"2":1,"3":1,"4":1,"5":1,"6":7,"7":7,"8":2,"9":2,"10":2,"11":2,"12":2,"13":2,"14":1,"15":2,"16":2,"17":2,"18":2,"19":2},"b":{},"meta":{"lastBranch":0,"lastFunction":20,"lastStatement":22,"seen":{"s:39:13:71:Infinity":0,"f:39:46:39:47":0,"s:39:61:71:2":1,"f:55:22:55:23":1,"s:55:30:55:Infinity":2,"f:56:19:56:20":2,"s:56:27:56:Infinity":3,"f:58:14:58:15":3,"s:58:27:58:Infinity":4,"f:59:11:59:12":4,"s:59:21:59:Infinity":5,"f:60:12:60:13":5,"s:60:23:60:Infinity":6,"f:62:14:62:15":6,"s:63:4:65:Infinity":7,"f:63:8:63:9":7,"s:63:20:65:6":8,"f:68:17:68:18":8,"s:68:25:68:Infinity":9,"f:68:44:68:45":9,"s:68:51:68:62":10,"f:69:14:69:15":10,"s:69:22:69:Infinity":11,"f:69:38:69:39":11,"s:69:45:69:56":12,"f:70:15:70:16":12,"s:70:23:70:Infinity":13,"f:70:40:70:41":13,"s:70:47:70:58":14,"s:84:13:99:Infinity":15,"f:86:4:86:5":14,"s:86:14:94:Infinity":16,"f:90:27:90:28":15,"s:90:42:90:Infinity":17,"f:91:21:91:27":16,"s:91:27:91:Infinity":18,"f:91:31:91:32":17,"s:91:43:91:89":19,"f:92:16:92:17":18,"s:92:27:92:Infinity":20,"f:93:19:93:20":19,"s:93:33:93:Infinity":21}}}
}
